# JRE version: Java(TM) SE Runtime Environment (19.0.2+7) (build 19.0.2+7-44)
# Java VM: Java HotSpot(TM) 64-Bit Server VM (19.0.2+7-44, mixed mode, sharing, tiered, compressed oops, compressed class ptrs, g1 gc, windows-amd64)
GC Precious Log:
 CardTable entry size: 512
 Card Set container configuration: InlinePtr #cards 5 size 8 Array Of Cards #cards 12 size 40 Howl #buckets 4 coarsen threshold 1843 Howl Bitmap #cards 512 size 80 coarsen threshold 460 Card regions per heap region 1 cards per card region 2048
 CPUs: 12 total, 12 available
 Memory: 7502M
 Large Page Support: Disabled
 NUMA Support: Disabled
 Compressed Oops: Enabled (32-bit)
 Heap Region Size: 1M
 Heap Min Capacity: 8M
 Heap Initial Capacity: 118M
 Heap Max Capacity: 2G
 Pre-touch: Disabled
 Parallel Workers: 10
 Concurrent Workers: 3
 Concurrent Refinement Workers: 10
 Periodic GC: Disabled
Heap:
 garbage-first heap   total 104448K, used 73717K [0x0000000080000000, 0x0000000100000000)
  region size 1024K, 15 young (15360K), 1 survivors (1024K)
 Metaspace       used 65907K, committed 67840K, reserved 487424K
  class space    used 9184K, committed 10240K, reserved 421888K
GC Heap History (20 events):
Event: 128.391 GC heap before
{Heap before GC invocations=14 (full 0):
 garbage-first heap   total 96256K, used 76588K [0x0000000080000000, 0x0000000100000000)
  region size 1024K, 41 young (41984K), 1 survivors (1024K)
 Metaspace       used 45835K, committed 47360K, reserved 487424K
  class space    used 6442K, committed 7232K, reserved 421888K
}
Event: 128.412 GC heap after
{Heap after GC invocations=15 (full 0):
 garbage-first heap   total 96256K, used 37085K [0x0000000080000000, 0x0000000100000000)
  region size 1024K, 3 young (3072K), 3 survivors (3072K)
 Metaspace       used 45835K, committed 47360K, reserved 487424K
  class space    used 6442K, committed 7232K, reserved 421888K
}
Event: 143.263 GC heap before
{Heap before GC invocations=15 (full 0):
 garbage-first heap   total 96256K, used 78045K [0x0000000080000000, 0x0000000100000000)
  region size 1024K, 42 young (43008K), 3 survivors (3072K)
 Metaspace       used 50632K, committed 52160K, reserved 487424K
  class space    used 6966K, committed 7744K, reserved 421888K
}
Event: 143.281 GC heap after
{Heap after GC invocations=16 (full 0):
 garbage-first heap   total 96256K, used 38289K [0x0000000080000000, 0x0000000100000000)
  region size 1024K, 4 young (4096K), 4 survivors (4096K)
 Metaspace       used 50632K, committed 52160K, reserved 487424K
  class space    used 6966K, committed 7744K, reserved 421888K
}
Event: 151.528 GC heap before
{Heap before GC invocations=16 (full 0):
 garbage-first heap   total 96256K, used 78225K [0x0000000080000000, 0x0000000100000000)
  region size 1024K, 43 young (44032K), 4 survivors (4096K)
 Metaspace       used 55205K, committed 56960K, reserved 487424K
  class space    used 7691K, committed 8640K, reserved 421888K
}
Event: 151.549 GC heap after
{Heap after GC invocations=17 (full 0):
 garbage-first heap   total 96256K, used 40180K [0x0000000080000000, 0x0000000100000000)
  region size 1024K, 5 young (5120K), 5 survivors (5120K)
 Metaspace       used 55205K, committed 56960K, reserved 487424K
  class space    used 7691K, committed 8640K, reserved 421888K
}
Event: 166.870 GC heap before
{Heap before GC invocations=17 (full 0):
 garbage-first heap   total 96256K, used 78068K [0x0000000080000000, 0x0000000100000000)
  region size 1024K, 42 young (43008K), 5 survivors (5120K)
 Metaspace       used 56451K, committed 58112K, reserved 487424K
  class space    used 7816K, committed 8704K, reserved 421888K
}
Event: 166.895 GC heap after
{Heap after GC invocations=18 (full 0):
 garbage-first heap   total 96256K, used 44507K [0x0000000080000000, 0x0000000100000000)
  region size 1024K, 6 young (6144K), 6 survivors (6144K)
 Metaspace       used 56451K, committed 58112K, reserved 487424K
  class space    used 7816K, committed 8704K, reserved 421888K
}
Event: 168.631 GC heap before
{Heap before GC invocations=18 (full 0):
 garbage-first heap   total 96256K, used 71131K [0x0000000080000000, 0x0000000100000000)
  region size 1024K, 34 young (34816K), 6 survivors (6144K)
 Metaspace       used 58370K, committed 60160K, reserved 487424K
  class space    used 8127K, committed 9088K, reserved 421888K
}
Event: 168.673 GC heap after
{Heap after GC invocations=19 (full 0):
 garbage-first heap   total 96256K, used 44913K [0x0000000080000000, 0x0000000100000000)
  region size 1024K, 2 young (2048K), 2 survivors (2048K)
 Metaspace       used 58370K, committed 60160K, reserved 487424K
  class space    used 8127K, committed 9088K, reserved 421888K
}
Event: 182.898 GC heap before
{Heap before GC invocations=20 (full 0):
 garbage-first heap   total 96256K, used 80753K [0x0000000080000000, 0x0000000100000000)
  region size 1024K, 34 young (34816K), 2 survivors (2048K)
 Metaspace       used 61402K, committed 63360K, reserved 487424K
  class space    used 8582K, committed 9600K, reserved 421888K
}
Event: 182.906 GC heap after
{Heap after GC invocations=21 (full 0):
 garbage-first heap   total 96256K, used 50379K [0x0000000080000000, 0x0000000100000000)
  region size 1024K, 3 young (3072K), 3 survivors (3072K)
 Metaspace       used 61402K, committed 63360K, reserved 487424K
  class space    used 8582K, committed 9600K, reserved 421888K
}
Event: 182.964 GC heap before
{Heap before GC invocations=21 (full 0):
 garbage-first heap   total 96256K, used 51403K [0x0000000080000000, 0x0000000100000000)
  region size 1024K, 4 young (4096K), 3 survivors (3072K)
 Metaspace       used 61509K, committed 63424K, reserved 487424K
  class space    used 8591K, committed 9600K, reserved 421888K
}
Event: 182.975 GC heap after
{Heap after GC invocations=22 (full 0):
 garbage-first heap   total 96256K, used 49985K [0x0000000080000000, 0x0000000100000000)
  region size 1024K, 1 young (1024K), 1 survivors (1024K)
 Metaspace       used 61509K, committed 63424K, reserved 487424K
  class space    used 8591K, committed 9600K, reserved 421888K
}
Event: 188.132 GC heap before
{Heap before GC invocations=22 (full 0):
 garbage-first heap   total 96256K, used 84801K [0x0000000080000000, 0x0000000100000000)
  region size 1024K, 28 young (28672K), 1 survivors (1024K)
 Metaspace       used 63584K, committed 65536K, reserved 487424K
  class space    used 8886K, committed 9920K, reserved 421888K
}
Event: 188.139 GC heap after
{Heap after GC invocations=23 (full 0):
 garbage-first heap   total 96256K, used 60213K [0x0000000080000000, 0x0000000100000000)
  region size 1024K, 3 young (3072K), 3 survivors (3072K)
 Metaspace       used 63584K, committed 65536K, reserved 487424K
  class space    used 8886K, committed 9920K, reserved 421888K
}
Event: 190.872 GC heap before
{Heap before GC invocations=24 (full 0):
 garbage-first heap   total 104448K, used 77621K [0x0000000080000000, 0x0000000100000000)
  region size 1024K, 20 young (20480K), 3 survivors (3072K)
 Metaspace       used 64940K, committed 66944K, reserved 487424K
  class space    used 9055K, committed 10112K, reserved 421888K
}
Event: 190.880 GC heap after
{Heap after GC invocations=25 (full 0):
 garbage-first heap   total 104448K, used 61764K [0x0000000080000000, 0x0000000100000000)
  region size 1024K, 2 young (2048K), 2 survivors (2048K)
 Metaspace       used 64940K, committed 66944K, reserved 487424K
  class space    used 9055K, committed 10112K, reserved 421888K
}
Event: 191.238 GC heap before
{Heap before GC invocations=25 (full 0):
 garbage-first heap   total 104448K, used 64836K [0x0000000080000000, 0x0000000100000000)
  region size 1024K, 5 young (5120K), 2 survivors (2048K)
 Metaspace       used 65086K, committed 67008K, reserved 487424K
  class space    used 9080K, committed 10112K, reserved 421888K
}
Event: 191.245 GC heap after
{Heap after GC invocations=26 (full 0):
 garbage-first heap   total 104448K, used 61429K [0x0000000080000000, 0x0000000100000000)
  region size 1024K, 1 young (1024K), 1 survivors (1024K)
 Metaspace       used 65086K, committed 67008K, reserved 487424K
  class space    used 9080K, committed 10112K, reserved 421888K
}

