# JRE version: Java(TM) SE Runtime Environment (19.0.2+7) (build 19.0.2+7-44)
# Java VM: Java HotSpot(TM) 64-Bit Server VM (19.0.2+7-44, mixed mode, sharing, tiered, compressed oops, compressed class ptrs, g1 gc, windows-amd64)
GC Precious Log:
 CardTable entry size: 512
 Card Set container configuration: InlinePtr #cards 5 size 8 Array Of Cards #cards 12 size 40 Howl #buckets 4 coarsen threshold 1843 Howl Bitmap #cards 512 size 80 coarsen threshold 460 Card regions per heap region 1 cards per card region 2048
 CPUs: 12 total, 12 available
 Memory: 7502M
 Large Page Support: Disabled
 NUMA Support: Disabled
 Compressed Oops: Enabled (32-bit)
 Heap Region Size: 1M
 Heap Min Capacity: 8M
 Heap Initial Capacity: 118M
 Heap Max Capacity: 2G
 Pre-touch: Disabled
 Parallel Workers: 10
 Concurrent Workers: 3
 Concurrent Refinement Workers: 10
 Periodic GC: Disabled
Heap:
 garbage-first heap   total 96256K, used 70270K [0x0000000080000000, 0x0000000100000000)
  region size 1024K, 26 young (26624K), 2 survivors (2048K)
 Metaspace       used 59964K, committed 61824K, reserved 487424K
  class space    used 8418K, committed 9408K, reserved 421888K
GC Heap History (20 events):
Event: 83.791 GC heap before
{Heap before GC invocations=9 (full 0):
 garbage-first heap   total 96256K, used 41648K [0x0000000080000000, 0x0000000100000000)
  region size 1024K, 15 young (15360K), 5 survivors (5120K)
 Metaspace       used 34771K, committed 35968K, reserved 487424K
  class space    used 4812K, committed 5440K, reserved 421888K
}
Event: 83.799 GC heap after
{Heap after GC invocations=10 (full 0):
 garbage-first heap   total 96256K, used 32438K [0x0000000080000000, 0x0000000100000000)
  region size 1024K, 1 young (1024K), 1 survivors (1024K)
 Metaspace       used 34771K, committed 35968K, reserved 487424K
  class space    used 4812K, committed 5440K, reserved 421888K
}
Event: 101.843 GC heap before
{Heap before GC invocations=11 (full 0):
 garbage-first heap   total 96256K, used 79542K [0x0000000080000000, 0x0000000100000000)
  region size 1024K, 42 young (43008K), 1 survivors (1024K)
 Metaspace       used 39615K, committed 40960K, reserved 487424K
  class space    used 5485K, committed 6208K, reserved 421888K
}
Event: 101.854 GC heap after
{Heap after GC invocations=12 (full 0):
 garbage-first heap   total 96256K, used 34988K [0x0000000080000000, 0x0000000100000000)
  region size 1024K, 4 young (4096K), 4 survivors (4096K)
 Metaspace       used 39615K, committed 40960K, reserved 487424K
  class space    used 5485K, committed 6208K, reserved 421888K
}
Event: 101.857 GC heap before
{Heap before GC invocations=12 (full 0):
 garbage-first heap   total 96256K, used 36012K [0x0000000080000000, 0x0000000100000000)
  region size 1024K, 5 young (5120K), 4 survivors (4096K)
 Metaspace       used 39615K, committed 40960K, reserved 487424K
  class space    used 5485K, committed 6208K, reserved 421888K
}
Event: 101.878 GC heap after
{Heap after GC invocations=13 (full 0):
 garbage-first heap   total 96256K, used 35060K [0x0000000080000000, 0x0000000100000000)
  region size 1024K, 1 young (1024K), 1 survivors (1024K)
 Metaspace       used 39615K, committed 40960K, reserved 487424K
  class space    used 5485K, committed 6208K, reserved 421888K
}
Event: 110.292 GC heap before
{Heap before GC invocations=13 (full 0):
 garbage-first heap   total 96256K, used 72948K [0x0000000080000000, 0x0000000100000000)
  region size 1024K, 39 young (39936K), 1 survivors (1024K)
 Metaspace       used 41609K, committed 43072K, reserved 487424K
  class space    used 5780K, committed 6592K, reserved 421888K
}
Event: 110.296 GC heap after
{Heap after GC invocations=14 (full 0):
 garbage-first heap   total 96256K, used 35785K [0x0000000080000000, 0x0000000100000000)
  region size 1024K, 1 young (1024K), 1 survivors (1024K)
 Metaspace       used 41609K, committed 43072K, reserved 487424K
  class space    used 5780K, committed 6592K, reserved 421888K
}
Event: 128.974 GC heap before
{Heap before GC invocations=14 (full 0):
 garbage-first heap   total 96256K, used 75721K [0x0000000080000000, 0x0000000100000000)
  region size 1024K, 40 young (40960K), 1 survivors (1024K)
 Metaspace       used 45681K, committed 47232K, reserved 487424K
  class space    used 6416K, committed 7232K, reserved 421888K
}
Event: 128.990 GC heap after
{Heap after GC invocations=15 (full 0):
 garbage-first heap   total 96256K, used 37402K [0x0000000080000000, 0x0000000100000000)
  region size 1024K, 3 young (3072K), 3 survivors (3072K)
 Metaspace       used 45681K, committed 47232K, reserved 487424K
  class space    used 6416K, committed 7232K, reserved 421888K
}
Event: 143.648 GC heap before
{Heap before GC invocations=15 (full 0):
 garbage-first heap   total 96256K, used 77338K [0x0000000080000000, 0x0000000100000000)
  region size 1024K, 41 young (41984K), 3 survivors (3072K)
 Metaspace       used 50410K, committed 51968K, reserved 487424K
  class space    used 6944K, committed 7744K, reserved 421888K
}
Event: 143.660 GC heap after
{Heap after GC invocations=16 (full 0):
 garbage-first heap   total 96256K, used 38240K [0x0000000080000000, 0x0000000100000000)
  region size 1024K, 4 young (4096K), 4 survivors (4096K)
 Metaspace       used 50410K, committed 51968K, reserved 487424K
  class space    used 6944K, committed 7744K, reserved 421888K
}
Event: 156.265 GC heap before
{Heap before GC invocations=16 (full 0):
 garbage-first heap   total 96256K, used 77152K [0x0000000080000000, 0x0000000100000000)
  region size 1024K, 42 young (43008K), 4 survivors (4096K)
 Metaspace       used 54646K, committed 56320K, reserved 487424K
  class space    used 7610K, committed 8512K, reserved 421888K
}
Event: 156.288 GC heap after
{Heap after GC invocations=17 (full 0):
 garbage-first heap   total 96256K, used 40841K [0x0000000080000000, 0x0000000100000000)
  region size 1024K, 5 young (5120K), 5 survivors (5120K)
 Metaspace       used 54646K, committed 56320K, reserved 487424K
  class space    used 7610K, committed 8512K, reserved 421888K
}
Event: 177.116 GC heap before
{Heap before GC invocations=17 (full 0):
 garbage-first heap   total 96256K, used 77705K [0x0000000080000000, 0x0000000100000000)
  region size 1024K, 42 young (43008K), 5 survivors (5120K)
 Metaspace       used 56368K, committed 58048K, reserved 487424K
  class space    used 7816K, committed 8704K, reserved 421888K
}
Event: 177.149 GC heap after
{Heap after GC invocations=18 (full 0):
 garbage-first heap   total 96256K, used 44454K [0x0000000080000000, 0x0000000100000000)
  region size 1024K, 6 young (6144K), 6 survivors (6144K)
 Metaspace       used 56368K, committed 58048K, reserved 487424K
  class space    used 7816K, committed 8704K, reserved 421888K
}
Event: 179.297 GC heap before
{Heap before GC invocations=18 (full 0):
 garbage-first heap   total 96256K, used 75174K [0x0000000080000000, 0x0000000100000000)
  region size 1024K, 37 young (37888K), 6 survivors (6144K)
 Metaspace       used 58213K, committed 59968K, reserved 487424K
  class space    used 8099K, committed 9024K, reserved 421888K
}
Event: 179.320 GC heap after
{Heap after GC invocations=19 (full 0):
 garbage-first heap   total 96256K, used 43920K [0x0000000080000000, 0x0000000100000000)
  region size 1024K, 2 young (2048K), 2 survivors (2048K)
 Metaspace       used 58213K, committed 59968K, reserved 487424K
  class space    used 8099K, committed 9024K, reserved 421888K
}
Event: 179.470 GC heap before
{Heap before GC invocations=19 (full 0):
 garbage-first heap   total 96256K, used 44944K [0x0000000080000000, 0x0000000100000000)
  region size 1024K, 4 young (4096K), 2 survivors (2048K)
 Metaspace       used 58383K, committed 60160K, reserved 487424K
  class space    used 8124K, committed 9088K, reserved 421888K
}
Event: 179.489 GC heap after
{Heap after GC invocations=20 (full 0):
 garbage-first heap   total 96256K, used 43646K [0x0000000080000000, 0x0000000100000000)
  region size 1024K, 2 young (2048K), 2 survivors (2048K)
 Metaspace       used 58383K, committed 60160K, reserved 487424K
  class space    used 8124K, committed 9088K, reserved 421888K
}

