# JRE version: Java(TM) SE Runtime Environment (19.0.2+7) (build 19.0.2+7-44)
# Java VM: Java HotSpot(TM) 64-Bit Server VM (19.0.2+7-44, mixed mode, sharing, tiered, compressed oops, compressed class ptrs, g1 gc, windows-amd64)
GC Precious Log:
 CardTable entry size: 512
 Card Set container configuration: InlinePtr #cards 5 size 8 Array Of Cards #cards 12 size 40 Howl #buckets 4 coarsen threshold 1843 Howl Bitmap #cards 512 size 80 coarsen threshold 460 Card regions per heap region 1 cards per card region 2048
 CPUs: 12 total, 12 available
 Memory: 7502M
 Large Page Support: Disabled
 NUMA Support: Disabled
 Compressed Oops: Enabled (32-bit)
 Heap Region Size: 1M
 Heap Min Capacity: 8M
 Heap Initial Capacity: 118M
 Heap Max Capacity: 2G
 Pre-touch: Disabled
 Parallel Workers: 10
 Concurrent Workers: 3
 Concurrent Refinement Workers: 10
 Periodic GC: Disabled
Heap:
 garbage-first heap   total 352256K, used 188056K [0x0000000080000000, 0x0000000100000000)
  region size 1024K, 9 young (9216K), 2 survivors (2048K)
 Metaspace       used 107552K, committed 110336K, reserved 552960K
  class space    used 14717K, committed 16128K, reserved 421888K
GC Heap History (20 events):
Event: 521.364 GC heap before
{Heap before GC invocations=40 (full 0):
 garbage-first heap   total 352256K, used 117384K [0x0000000080000000, 0x0000000100000000)
  region size 1024K, 17 young (17408K), 11 survivors (11264K)
 Metaspace       used 98412K, committed 100800K, reserved 552960K
  class space    used 13516K, committed 14784K, reserved 421888K
}
Event: 521.494 GC heap after
{Heap after GC invocations=41 (full 0):
 garbage-first heap   total 352256K, used 112063K [0x0000000080000000, 0x0000000100000000)
  region size 1024K, 2 young (2048K), 2 survivors (2048K)
 Metaspace       used 98412K, committed 100800K, reserved 552960K
  class space    used 13516K, committed 14784K, reserved 421888K
}
Event: 544.302 GC heap before
{Heap before GC invocations=41 (full 0):
 garbage-first heap   total 352256K, used 278975K [0x0000000080000000, 0x0000000100000000)
  region size 1024K, 166 young (169984K), 2 survivors (2048K)
 Metaspace       used 102810K, committed 105216K, reserved 552960K
  class space    used 14151K, committed 15424K, reserved 421888K
}
Event: 544.368 GC heap after
{Heap after GC invocations=42 (full 0):
 garbage-first heap   total 352256K, used 125248K [0x0000000080000000, 0x0000000100000000)
  region size 1024K, 15 young (15360K), 15 survivors (15360K)
 Metaspace       used 102810K, committed 105216K, reserved 552960K
  class space    used 14151K, committed 15424K, reserved 421888K
}
Event: 574.222 GC heap before
{Heap before GC invocations=43 (full 0):
 garbage-first heap   total 352256K, used 280896K [0x0000000080000000, 0x0000000100000000)
  region size 1024K, 166 young (169984K), 15 survivors (15360K)
 Metaspace       used 105994K, committed 108672K, reserved 552960K
  class space    used 14530K, committed 15872K, reserved 421888K
}
Event: 574.451 GC heap after
{Heap after GC invocations=44 (full 0):
 garbage-first heap   total 352256K, used 146282K [0x0000000080000000, 0x0000000100000000)
  region size 1024K, 21 young (21504K), 21 survivors (21504K)
 Metaspace       used 105994K, committed 108672K, reserved 552960K
  class space    used 14530K, committed 15872K, reserved 421888K
}
Event: 574.545 GC heap before
{Heap before GC invocations=44 (full 0):
 garbage-first heap   total 352256K, used 147306K [0x0000000080000000, 0x0000000100000000)
  region size 1024K, 22 young (22528K), 21 survivors (21504K)
 Metaspace       used 106006K, committed 108672K, reserved 552960K
  class space    used 14530K, committed 15872K, reserved 421888K
}
Event: 574.627 GC heap after
{Heap after GC invocations=45 (full 0):
 garbage-first heap   total 352256K, used 148326K [0x0000000080000000, 0x0000000100000000)
  region size 1024K, 3 young (3072K), 3 survivors (3072K)
 Metaspace       used 106006K, committed 108672K, reserved 552960K
  class space    used 14530K, committed 15872K, reserved 421888K
}
Event: 577.681 GC heap before
{Heap before GC invocations=45 (full 0):
 garbage-first heap   total 352256K, used 274278K [0x0000000080000000, 0x0000000100000000)
  region size 1024K, 127 young (130048K), 3 survivors (3072K)
 Metaspace       used 106082K, committed 108736K, reserved 552960K
  class space    used 14532K, committed 15872K, reserved 421888K
}
Event: 577.751 GC heap after
{Heap after GC invocations=46 (full 0):
 garbage-first heap   total 352256K, used 153374K [0x0000000080000000, 0x0000000100000000)
  region size 1024K, 8 young (8192K), 8 survivors (8192K)
 Metaspace       used 106082K, committed 108736K, reserved 552960K
  class space    used 14532K, committed 15872K, reserved 421888K
}
Event: 593.669 GC heap before
{Heap before GC invocations=47 (full 0):
 garbage-first heap   total 352256K, used 282398K [0x0000000080000000, 0x0000000100000000)
  region size 1024K, 131 young (134144K), 8 survivors (8192K)
 Metaspace       used 107038K, committed 109760K, reserved 552960K
  class space    used 14652K, committed 16000K, reserved 421888K
}
Event: 593.763 GC heap after
{Heap after GC invocations=48 (full 0):
 garbage-first heap   total 352256K, used 173636K [0x0000000080000000, 0x0000000100000000)
  region size 1024K, 17 young (17408K), 17 survivors (17408K)
 Metaspace       used 107038K, committed 109760K, reserved 552960K
  class space    used 14652K, committed 16000K, reserved 421888K
}
Event: 593.768 GC heap before
{Heap before GC invocations=48 (full 0):
 garbage-first heap   total 352256K, used 174660K [0x0000000080000000, 0x0000000100000000)
  region size 1024K, 18 young (18432K), 17 survivors (17408K)
 Metaspace       used 107039K, committed 109760K, reserved 552960K
  class space    used 14652K, committed 16000K, reserved 421888K
}
Event: 593.835 GC heap after
{Heap after GC invocations=49 (full 0):
 garbage-first heap   total 352256K, used 175443K [0x0000000080000000, 0x0000000100000000)
  region size 1024K, 2 young (2048K), 2 survivors (2048K)
 Metaspace       used 107039K, committed 109760K, reserved 552960K
  class space    used 14652K, committed 16000K, reserved 421888K
}
Event: 597.078 GC heap before
{Heap before GC invocations=49 (full 0):
 garbage-first heap   total 352256K, used 274771K [0x0000000080000000, 0x0000000100000000)
  region size 1024K, 100 young (102400K), 2 survivors (2048K)
 Metaspace       used 107237K, committed 110016K, reserved 552960K
  class space    used 14677K, committed 16064K, reserved 421888K
}
Event: 597.133 GC heap after
{Heap after GC invocations=50 (full 0):
 garbage-first heap   total 352256K, used 179356K [0x0000000080000000, 0x0000000100000000)
  region size 1024K, 6 young (6144K), 6 survivors (6144K)
 Metaspace       used 107237K, committed 110016K, reserved 552960K
  class space    used 14677K, committed 16064K, reserved 421888K
}
Event: 601.905 GC heap before
{Heap before GC invocations=51 (full 0):
 garbage-first heap   total 352256K, used 279708K [0x0000000080000000, 0x0000000100000000)
  region size 1024K, 105 young (107520K), 6 survivors (6144K)
 Metaspace       used 107305K, committed 110080K, reserved 552960K
  class space    used 14684K, committed 16064K, reserved 421888K
}
Event: 601.939 GC heap after
{Heap after GC invocations=52 (full 0):
 garbage-first heap   total 352256K, used 181879K [0x0000000080000000, 0x0000000100000000)
  region size 1024K, 8 young (8192K), 8 survivors (8192K)
 Metaspace       used 107305K, committed 110080K, reserved 552960K
  class space    used 14684K, committed 16064K, reserved 421888K
}
Event: 604.152 GC heap before
{Heap before GC invocations=52 (full 0):
 garbage-first heap   total 352256K, used 191095K [0x0000000080000000, 0x0000000100000000)
  region size 1024K, 17 young (17408K), 8 survivors (8192K)
 Metaspace       used 107466K, committed 110272K, reserved 552960K
  class space    used 14708K, committed 16128K, reserved 421888K
}
Event: 604.199 GC heap after
{Heap after GC invocations=53 (full 0):
 garbage-first heap   total 352256K, used 181912K [0x0000000080000000, 0x0000000100000000)
  region size 1024K, 2 young (2048K), 2 survivors (2048K)
 Metaspace       used 107466K, committed 110272K, reserved 552960K
  class space    used 14708K, committed 16128K, reserved 421888K
}

