# JRE version: Java(TM) SE Runtime Environment (19.0.2+7) (build 19.0.2+7-44)
# Java VM: Java HotSpot(TM) 64-Bit Server VM (19.0.2+7-44, mixed mode, sharing, tiered, compressed oops, compressed class ptrs, g1 gc, windows-amd64)
GC Precious Log:
 CardTable entry size: 512
 Card Set container configuration: InlinePtr #cards 5 size 8 Array Of Cards #cards 12 size 40 Howl #buckets 4 coarsen threshold 1843 Howl Bitmap #cards 512 size 80 coarsen threshold 460 Card regions per heap region 1 cards per card region 2048
 CPUs: 12 total, 12 available
 Memory: 7502M
 Large Page Support: Disabled
 NUMA Support: Disabled
 Compressed Oops: Enabled (32-bit)
 Heap Region Size: 1M
 Heap Min Capacity: 8M
 Heap Initial Capacity: 118M
 Heap Max Capacity: 2G
 Pre-touch: Disabled
 Parallel Workers: 10
 Concurrent Workers: 3
 Concurrent Refinement Workers: 10
 Periodic GC: Disabled
Heap:
 garbage-first heap   total 172032K, used 44564K [0x0000000080000000, 0x0000000100000000)
  region size 1024K, 12 young (12288K), 1 survivors (1024K)
 Metaspace       used 40791K, committed 42240K, reserved 487424K
  class space    used 5634K, committed 6400K, reserved 421888K
GC Heap History (20 events):
Event: 31.421 GC heap before
{Heap before GC invocations=2 (full 0):
 garbage-first heap   total 120832K, used 54876K [0x0000000080000000, 0x0000000100000000)
  region size 1024K, 44 young (45056K), 4 survivors (4096K)
 Metaspace       used 4517K, committed 4736K, reserved 487424K
  class space    used 525K, committed 640K, reserved 421888K
}
Event: 31.436 GC heap after
{Heap after GC invocations=3 (full 0):
 garbage-first heap   total 120832K, used 16863K [0x0000000080000000, 0x0000000100000000)
  region size 1024K, 4 young (4096K), 4 survivors (4096K)
 Metaspace       used 4517K, committed 4736K, reserved 487424K
  class space    used 525K, committed 640K, reserved 421888K
}
Event: 64.691 GC heap before
{Heap before GC invocations=3 (full 0):
 garbage-first heap   total 120832K, used 84447K [0x0000000080000000, 0x0000000100000000)
  region size 1024K, 70 young (71680K), 4 survivors (4096K)
 Metaspace       used 17185K, committed 17728K, reserved 487424K
  class space    used 2312K, committed 2560K, reserved 421888K
}
Event: 64.798 GC heap after
{Heap after GC invocations=4 (full 0):
 garbage-first heap   total 120832K, used 22502K [0x0000000080000000, 0x0000000100000000)
  region size 1024K, 9 young (9216K), 9 survivors (9216K)
 Metaspace       used 17185K, committed 17728K, reserved 487424K
  class space    used 2312K, committed 2560K, reserved 421888K
}
Event: 81.099 GC heap before
{Heap before GC invocations=4 (full 0):
 garbage-first heap   total 120832K, used 51174K [0x0000000080000000, 0x0000000100000000)
  region size 1024K, 38 young (38912K), 9 survivors (9216K)
 Metaspace       used 20855K, committed 21504K, reserved 487424K
  class space    used 2909K, committed 3264K, reserved 421888K
}
Event: 81.119 GC heap after
{Heap after GC invocations=5 (full 0):
 garbage-first heap   total 120832K, used 25027K [0x0000000080000000, 0x0000000100000000)
  region size 1024K, 3 young (3072K), 3 survivors (3072K)
 Metaspace       used 20855K, committed 21504K, reserved 487424K
  class space    used 2909K, committed 3264K, reserved 421888K
}
Event: 103.991 GC heap before
{Heap before GC invocations=6 (full 0):
 garbage-first heap   total 89088K, used 75203K [0x0000000080000000, 0x0000000100000000)
  region size 1024K, 52 young (53248K), 3 survivors (3072K)
 Metaspace       used 26862K, committed 27840K, reserved 487424K
  class space    used 3884K, committed 4416K, reserved 421888K
}
Event: 104.010 GC heap after
{Heap after GC invocations=7 (full 0):
 garbage-first heap   total 89088K, used 27257K [0x0000000080000000, 0x0000000100000000)
  region size 1024K, 5 young (5120K), 5 survivors (5120K)
 Metaspace       used 26862K, committed 27840K, reserved 487424K
  class space    used 3884K, committed 4416K, reserved 421888K
}
Event: 104.375 GC heap before
{Heap before GC invocations=7 (full 0):
 garbage-first heap   total 89088K, used 28281K [0x0000000080000000, 0x0000000100000000)
  region size 1024K, 6 young (6144K), 5 survivors (5120K)
 Metaspace       used 26867K, committed 27840K, reserved 487424K
  class space    used 3884K, committed 4416K, reserved 421888K
}
Event: 104.394 GC heap after
{Heap after GC invocations=8 (full 0):
 garbage-first heap   total 89088K, used 27282K [0x0000000080000000, 0x0000000100000000)
  region size 1024K, 1 young (1024K), 1 survivors (1024K)
 Metaspace       used 26867K, committed 27840K, reserved 487424K
  class space    used 3884K, committed 4416K, reserved 421888K
}
Event: 122.862 GC heap before
{Heap before GC invocations=8 (full 0):
 garbage-first heap   total 89088K, used 66194K [0x0000000080000000, 0x0000000100000000)
  region size 1024K, 40 young (40960K), 1 survivors (1024K)
 Metaspace       used 34316K, committed 35520K, reserved 487424K
  class space    used 4765K, committed 5376K, reserved 421888K
}
Event: 122.873 GC heap after
{Heap after GC invocations=9 (full 0):
 garbage-first heap   total 89088K, used 30601K [0x0000000080000000, 0x0000000100000000)
  region size 1024K, 4 young (4096K), 4 survivors (4096K)
 Metaspace       used 34316K, committed 35520K, reserved 487424K
  class space    used 4765K, committed 5376K, reserved 421888K
}
Event: 124.298 GC heap before
{Heap before GC invocations=9 (full 0):
 garbage-first heap   total 89088K, used 50057K [0x0000000080000000, 0x0000000100000000)
  region size 1024K, 24 young (24576K), 4 survivors (4096K)
 Metaspace       used 34814K, committed 35968K, reserved 487424K
  class space    used 4814K, committed 5440K, reserved 421888K
}
Event: 124.312 GC heap after
{Heap after GC invocations=10 (full 0):
 garbage-first heap   total 89088K, used 31701K [0x0000000080000000, 0x0000000100000000)
  region size 1024K, 2 young (2048K), 2 survivors (2048K)
 Metaspace       used 34814K, committed 35968K, reserved 487424K
  class space    used 4814K, committed 5440K, reserved 421888K
}
Event: 134.462 GC heap before
{Heap before GC invocations=11 (full 0):
 garbage-first heap   total 89088K, used 72661K [0x0000000080000000, 0x0000000100000000)
  region size 1024K, 38 young (38912K), 2 survivors (2048K)
 Metaspace       used 39615K, committed 41024K, reserved 487424K
  class space    used 5475K, committed 6208K, reserved 421888K
}
Event: 134.473 GC heap after
{Heap after GC invocations=12 (full 0):
 garbage-first heap   total 89088K, used 34092K [0x0000000080000000, 0x0000000100000000)
  region size 1024K, 5 young (5120K), 5 survivors (5120K)
 Metaspace       used 39615K, committed 41024K, reserved 487424K
  class space    used 5475K, committed 6208K, reserved 421888K
}
Event: 134.563 GC heap before
{Heap before GC invocations=12 (full 0):
 garbage-first heap   total 89088K, used 35116K [0x0000000080000000, 0x0000000100000000)
  region size 1024K, 6 young (6144K), 5 survivors (5120K)
 Metaspace       used 39672K, committed 41088K, reserved 487424K
  class space    used 5486K, committed 6208K, reserved 421888K
}
Event: 134.589 GC heap after
{Heap after GC invocations=13 (full 0):
 garbage-first heap   total 89088K, used 34568K [0x0000000080000000, 0x0000000100000000)
  region size 1024K, 1 young (1024K), 1 survivors (1024K)
 Metaspace       used 39672K, committed 41088K, reserved 487424K
  class space    used 5486K, committed 6208K, reserved 421888K
}
Event: 172.662 GC heap before
{Heap before GC invocations=13 (full 0):
 garbage-first heap   total 89088K, used 68360K [0x0000000080000000, 0x0000000100000000)
  region size 1024K, 35 young (35840K), 1 survivors (1024K)
 Metaspace       used 40082K, committed 41536K, reserved 487424K
  class space    used 5513K, committed 6272K, reserved 421888K
}
Event: 172.692 GC heap after
{Heap after GC invocations=14 (full 0):
 garbage-first heap   total 172032K, used 34324K [0x0000000080000000, 0x0000000100000000)
  region size 1024K, 1 young (1024K), 1 survivors (1024K)
 Metaspace       used 40082K, committed 41536K, reserved 487424K
  class space    used 5513K, committed 6272K, reserved 421888K
}

