# JRE version: Java(TM) SE Runtime Environment (19.0.2+7) (build 19.0.2+7-44)
# Java VM: Java HotSpot(TM) 64-Bit Server VM (19.0.2+7-44, mixed mode, sharing, tiered, compressed oops, compressed class ptrs, g1 gc, windows-amd64)
GC Precious Log:
 CardTable entry size: 512
 Card Set container configuration: InlinePtr #cards 5 size 8 Array Of Cards #cards 12 size 40 Howl #buckets 4 coarsen threshold 1843 Howl Bitmap #cards 512 size 80 coarsen threshold 460 Card regions per heap region 1 cards per card region 2048
 CPUs: 12 total, 12 available
 Memory: 7502M
 Large Page Support: Disabled
 NUMA Support: Disabled
 Compressed Oops: Enabled (32-bit)
 Heap Region Size: 1M
 Heap Min Capacity: 8M
 Heap Initial Capacity: 118M
 Heap Max Capacity: 2G
 Pre-touch: Disabled
 Parallel Workers: 10
 Concurrent Workers: 3
 Concurrent Refinement Workers: 10
 Periodic GC: Disabled
Heap:
 garbage-first heap   total 96256K, used 60588K [0x0000000080000000, 0x0000000100000000)
  region size 1024K, 4 young (4096K), 3 survivors (3072K)
 Metaspace       used 64418K, committed 66304K, reserved 487424K
  class space    used 8976K, committed 9984K, reserved 421888K
GC Heap History (20 events):
Event: 110.769 GC heap before
{Heap before GC invocations=13 (full 0):
 garbage-first heap   total 96256K, used 73568K [0x0000000080000000, 0x0000000100000000)
  region size 1024K, 40 young (40960K), 1 survivors (1024K)
 Metaspace       used 41826K, committed 43328K, reserved 487424K
  class space    used 5813K, committed 6592K, reserved 421888K
}
Event: 110.774 GC heap after
{Heap after GC invocations=14 (full 0):
 garbage-first heap   total 96256K, used 35628K [0x0000000080000000, 0x0000000100000000)
  region size 1024K, 2 young (2048K), 2 survivors (2048K)
 Metaspace       used 41826K, committed 43328K, reserved 487424K
  class space    used 5813K, committed 6592K, reserved 421888K
}
Event: 127.876 GC heap before
{Heap before GC invocations=14 (full 0):
 garbage-first heap   total 96256K, used 75564K [0x0000000080000000, 0x0000000100000000)
  region size 1024K, 41 young (41984K), 2 survivors (2048K)
 Metaspace       used 45784K, committed 47296K, reserved 487424K
  class space    used 6430K, committed 7232K, reserved 421888K
}
Event: 127.884 GC heap after
{Heap after GC invocations=15 (full 0):
 garbage-first heap   total 96256K, used 36971K [0x0000000080000000, 0x0000000100000000)
  region size 1024K, 3 young (3072K), 3 survivors (3072K)
 Metaspace       used 45784K, committed 47296K, reserved 487424K
  class space    used 6430K, committed 7232K, reserved 421888K
}
Event: 145.390 GC heap before
{Heap before GC invocations=15 (full 0):
 garbage-first heap   total 96256K, used 77931K [0x0000000080000000, 0x0000000100000000)
  region size 1024K, 42 young (43008K), 3 survivors (3072K)
 Metaspace       used 50539K, committed 52032K, reserved 487424K
  class space    used 6949K, committed 7744K, reserved 421888K
}
Event: 145.562 GC heap after
{Heap after GC invocations=16 (full 0):
 garbage-first heap   total 96256K, used 38088K [0x0000000080000000, 0x0000000100000000)
  region size 1024K, 4 young (4096K), 4 survivors (4096K)
 Metaspace       used 50539K, committed 52032K, reserved 487424K
  class space    used 6949K, committed 7744K, reserved 421888K
}
Event: 159.315 GC heap before
{Heap before GC invocations=16 (full 0):
 garbage-first heap   total 96256K, used 78024K [0x0000000080000000, 0x0000000100000000)
  region size 1024K, 43 young (44032K), 4 survivors (4096K)
 Metaspace       used 54842K, committed 56448K, reserved 487424K
  class space    used 7635K, committed 8512K, reserved 421888K
}
Event: 159.336 GC heap after
{Heap after GC invocations=17 (full 0):
 garbage-first heap   total 96256K, used 39981K [0x0000000080000000, 0x0000000100000000)
  region size 1024K, 5 young (5120K), 5 survivors (5120K)
 Metaspace       used 54842K, committed 56448K, reserved 487424K
  class space    used 7635K, committed 8512K, reserved 421888K
}
Event: 175.036 GC heap before
{Heap before GC invocations=17 (full 0):
 garbage-first heap   total 96256K, used 78893K [0x0000000080000000, 0x0000000100000000)
  region size 1024K, 43 young (44032K), 5 survivors (5120K)
 Metaspace       used 56410K, committed 58176K, reserved 487424K
  class space    used 7807K, committed 8704K, reserved 421888K
}
Event: 175.063 GC heap after
{Heap after GC invocations=18 (full 0):
 garbage-first heap   total 96256K, used 44391K [0x0000000080000000, 0x0000000100000000)
  region size 1024K, 6 young (6144K), 6 survivors (6144K)
 Metaspace       used 56410K, committed 58176K, reserved 487424K
  class space    used 7807K, committed 8704K, reserved 421888K
}
Event: 177.777 GC heap before
{Heap before GC invocations=18 (full 0):
 garbage-first heap   total 96256K, used 77159K [0x0000000080000000, 0x0000000100000000)
  region size 1024K, 38 young (38912K), 6 survivors (6144K)
 Metaspace       used 58669K, committed 60416K, reserved 487424K
  class space    used 8169K, committed 9088K, reserved 421888K
}
Event: 177.797 GC heap after
{Heap after GC invocations=19 (full 0):
 garbage-first heap   total 96256K, used 44991K [0x0000000080000000, 0x0000000100000000)
  region size 1024K, 2 young (2048K), 2 survivors (2048K)
 Metaspace       used 58669K, committed 60416K, reserved 487424K
  class space    used 8169K, committed 9088K, reserved 421888K
}
Event: 178.061 GC heap before
{Heap before GC invocations=19 (full 0):
 garbage-first heap   total 96256K, used 48063K [0x0000000080000000, 0x0000000100000000)
  region size 1024K, 6 young (6144K), 2 survivors (2048K)
 Metaspace       used 58999K, committed 60736K, reserved 487424K
  class space    used 8226K, committed 9152K, reserved 421888K
}
Event: 178.091 GC heap after
{Heap after GC invocations=20 (full 0):
 garbage-first heap   total 96256K, used 44902K [0x0000000080000000, 0x0000000100000000)
  region size 1024K, 2 young (2048K), 2 survivors (2048K)
 Metaspace       used 58999K, committed 60736K, reserved 487424K
  class space    used 8226K, committed 9152K, reserved 421888K
}
Event: 188.383 GC heap before
{Heap before GC invocations=21 (full 0):
 garbage-first heap   total 96256K, used 81766K [0x0000000080000000, 0x0000000100000000)
  region size 1024K, 34 young (34816K), 2 survivors (2048K)
 Metaspace       used 62016K, committed 63936K, reserved 487424K
  class space    used 8664K, committed 9664K, reserved 421888K
}
Event: 188.395 GC heap after
{Heap after GC invocations=22 (full 0):
 garbage-first heap   total 96256K, used 50529K [0x0000000080000000, 0x0000000100000000)
  region size 1024K, 4 young (4096K), 4 survivors (4096K)
 Metaspace       used 62016K, committed 63936K, reserved 487424K
  class space    used 8664K, committed 9664K, reserved 421888K
}
Event: 188.449 GC heap before
{Heap before GC invocations=22 (full 0):
 garbage-first heap   total 96256K, used 51553K [0x0000000080000000, 0x0000000100000000)
  region size 1024K, 5 young (5120K), 4 survivors (4096K)
 Metaspace       used 62105K, committed 64064K, reserved 487424K
  class space    used 8684K, committed 9728K, reserved 421888K
}
Event: 188.614 GC heap after
{Heap after GC invocations=23 (full 0):
 garbage-first heap   total 96256K, used 49871K [0x0000000080000000, 0x0000000100000000)
  region size 1024K, 1 young (1024K), 1 survivors (1024K)
 Metaspace       used 62105K, committed 64064K, reserved 487424K
  class space    used 8684K, committed 9728K, reserved 421888K
}
Event: 193.242 GC heap before
{Heap before GC invocations=23 (full 0):
 garbage-first heap   total 96256K, used 85711K [0x0000000080000000, 0x0000000100000000)
  region size 1024K, 29 young (29696K), 1 survivors (1024K)
 Metaspace       used 64401K, committed 66304K, reserved 487424K
  class space    used 8974K, committed 9984K, reserved 421888K
}
Event: 193.251 GC heap after
{Heap after GC invocations=24 (full 0):
 garbage-first heap   total 96256K, used 60588K [0x0000000080000000, 0x0000000100000000)
  region size 1024K, 3 young (3072K), 3 survivors (3072K)
 Metaspace       used 64401K, committed 66304K, reserved 487424K
  class space    used 8974K, committed 9984K, reserved 421888K
}

