# JRE version: Java(TM) SE Runtime Environment (19.0.2+7) (build 19.0.2+7-44)
# Java VM: Java HotSpot(TM) 64-Bit Server VM (19.0.2+7-44, mixed mode, sharing, tiered, compressed oops, compressed class ptrs, g1 gc, windows-amd64)
GC Precious Log:
 CardTable entry size: 512
 Card Set container configuration: InlinePtr #cards 5 size 8 Array Of Cards #cards 12 size 40 Howl #buckets 4 coarsen threshold 1843 Howl Bitmap #cards 512 size 80 coarsen threshold 460 Card regions per heap region 1 cards per card region 2048
 CPUs: 12 total, 12 available
 Memory: 7502M
 Large Page Support: Disabled
 NUMA Support: Disabled
 Compressed Oops: Enabled (32-bit)
 Heap Region Size: 1M
 Heap Min Capacity: 8M
 Heap Initial Capacity: 118M
 Heap Max Capacity: 2G
 Pre-touch: Disabled
 Parallel Workers: 10
 Concurrent Workers: 3
 Concurrent Refinement Workers: 10
 Periodic GC: Disabled
Heap:
 garbage-first heap   total 372736K, used 212575K [0x0000000080000000, 0x0000000100000000)
  region size 1024K, 123 young (125952K), 1 survivors (1024K)
 Metaspace       used 76986K, committed 79168K, reserved 552960K
  class space    used 10659K, committed 11840K, reserved 421888K
GC Heap History (20 events):
Event: 234.609 GC heap before
{Heap before GC invocations=14 (full 0):
 garbage-first heap   total 226304K, used 170611K [0x0000000080000000, 0x0000000100000000)
  region size 1024K, 132 young (135168K), 1 survivors (1024K)
 Metaspace       used 55527K, committed 57216K, reserved 487424K
  class space    used 7733K, committed 8640K, reserved 421888K
}
Event: 234.700 GC heap after
{Heap after GC invocations=15 (full 0):
 garbage-first heap   total 226304K, used 40186K [0x0000000080000000, 0x0000000100000000)
  region size 1024K, 6 young (6144K), 6 survivors (6144K)
 Metaspace       used 55527K, committed 57216K, reserved 487424K
  class space    used 7733K, committed 8640K, reserved 421888K
}
Event: 258.672 GC heap before
{Heap before GC invocations=15 (full 0):
 garbage-first heap   total 226304K, used 104698K [0x0000000080000000, 0x0000000100000000)
  region size 1024K, 70 young (71680K), 6 survivors (6144K)
 Metaspace       used 58545K, committed 60288K, reserved 487424K
  class space    used 8156K, committed 9088K, reserved 421888K
}
Event: 258.730 GC heap after
{Heap after GC invocations=16 (full 0):
 garbage-first heap   total 226304K, used 42930K [0x0000000080000000, 0x0000000100000000)
  region size 1024K, 9 young (9216K), 9 survivors (9216K)
 Metaspace       used 58545K, committed 60288K, reserved 487424K
  class space    used 8156K, committed 9088K, reserved 421888K
}
Event: 289.941 GC heap before
{Heap before GC invocations=17 (full 0):
 garbage-first heap   total 160768K, used 141234K [0x0000000080000000, 0x0000000100000000)
  region size 1024K, 94 young (96256K), 9 survivors (9216K)
 Metaspace       used 65561K, committed 67520K, reserved 487424K
  class space    used 9146K, committed 10176K, reserved 421888K
}
Event: 290.087 GC heap after
{Heap after GC invocations=18 (full 0):
 garbage-first heap   total 160768K, used 61116K [0x0000000080000000, 0x0000000100000000)
  region size 1024K, 9 young (9216K), 9 survivors (9216K)
 Metaspace       used 65561K, committed 67520K, reserved 487424K
  class space    used 9146K, committed 10176K, reserved 421888K
}
Event: 290.127 GC heap before
{Heap before GC invocations=18 (full 0):
 garbage-first heap   total 160768K, used 62140K [0x0000000080000000, 0x0000000100000000)
  region size 1024K, 10 young (10240K), 9 survivors (9216K)
 Metaspace       used 65601K, committed 67520K, reserved 487424K
  class space    used 9152K, committed 10176K, reserved 421888K
}
Event: 290.199 GC heap after
{Heap after GC invocations=19 (full 0):
 garbage-first heap   total 160768K, used 61432K [0x0000000080000000, 0x0000000100000000)
  region size 1024K, 1 young (1024K), 1 survivors (1024K)
 Metaspace       used 65601K, committed 67520K, reserved 487424K
  class space    used 9152K, committed 10176K, reserved 421888K
}
Event: 310.597 GC heap before
{Heap before GC invocations=19 (full 0):
 garbage-first heap   total 160768K, used 129016K [0x0000000080000000, 0x0000000100000000)
  region size 1024K, 68 young (69632K), 1 survivors (1024K)
 Metaspace       used 68604K, committed 70592K, reserved 487424K
  class space    used 9533K, committed 10624K, reserved 421888K
}
Event: 310.606 GC heap after
{Heap after GC invocations=20 (full 0):
 garbage-first heap   total 160768K, used 63128K [0x0000000080000000, 0x0000000100000000)
  region size 1024K, 3 young (3072K), 3 survivors (3072K)
 Metaspace       used 68604K, committed 70592K, reserved 487424K
  class space    used 9533K, committed 10624K, reserved 421888K
}
Event: 326.331 GC heap before
{Heap before GC invocations=20 (full 0):
 garbage-first heap   total 160768K, used 130712K [0x0000000080000000, 0x0000000100000000)
  region size 1024K, 69 young (70656K), 3 survivors (3072K)
 Metaspace       used 71899K, committed 73920K, reserved 487424K
  class space    used 9955K, committed 11008K, reserved 421888K
}
Event: 326.357 GC heap after
{Heap after GC invocations=21 (full 0):
 garbage-first heap   total 160768K, used 67034K [0x0000000080000000, 0x0000000100000000)
  region size 1024K, 7 young (7168K), 7 survivors (7168K)
 Metaspace       used 71899K, committed 73920K, reserved 487424K
  class space    used 9955K, committed 11008K, reserved 421888K
}
Event: 337.396 GC heap before
{Heap before GC invocations=21 (full 0):
 garbage-first heap   total 160768K, used 130522K [0x0000000080000000, 0x0000000100000000)
  region size 1024K, 70 young (71680K), 7 survivors (7168K)
 Metaspace       used 74985K, committed 77120K, reserved 552960K
  class space    used 10463K, committed 11584K, reserved 421888K
}
Event: 337.454 GC heap after
{Heap after GC invocations=22 (full 0):
 garbage-first heap   total 160768K, used 73046K [0x0000000080000000, 0x0000000100000000)
  region size 1024K, 9 young (9216K), 9 survivors (9216K)
 Metaspace       used 74985K, committed 77120K, reserved 552960K
  class space    used 10463K, committed 11584K, reserved 421888K
}
Event: 416.578 GC heap before
{Heap before GC invocations=22 (full 0):
 garbage-first heap   total 160768K, used 130390K [0x0000000080000000, 0x0000000100000000)
  region size 1024K, 65 young (66560K), 9 survivors (9216K)
 Metaspace       used 76784K, committed 78976K, reserved 552960K
  class space    used 10655K, committed 11840K, reserved 421888K
}
Event: 416.904 GC heap after
{Heap after GC invocations=23 (full 0):
 garbage-first heap   total 160768K, used 80942K [0x0000000080000000, 0x0000000100000000)
  region size 1024K, 9 young (9216K), 9 survivors (9216K)
 Metaspace       used 76784K, committed 78976K, reserved 552960K
  class space    used 10655K, committed 11840K, reserved 421888K
}
Event: 420.182 GC heap before
{Heap before GC invocations=24 (full 0):
 garbage-first heap   total 160768K, used 125998K [0x0000000080000000, 0x0000000100000000)
  region size 1024K, 54 young (55296K), 9 survivors (9216K)
 Metaspace       used 76945K, committed 79104K, reserved 552960K
  class space    used 10655K, committed 11840K, reserved 421888K
}
Event: 420.212 GC heap after
{Heap after GC invocations=25 (full 0):
 garbage-first heap   total 160768K, used 86401K [0x0000000080000000, 0x0000000100000000)
  region size 1024K, 6 young (6144K), 6 survivors (6144K)
 Metaspace       used 76945K, committed 79104K, reserved 552960K
  class space    used 10655K, committed 11840K, reserved 421888K
}
Event: 420.241 GC heap before
{Heap before GC invocations=25 (full 0):
 garbage-first heap   total 160768K, used 87425K [0x0000000080000000, 0x0000000100000000)
  region size 1024K, 7 young (7168K), 6 survivors (6144K)
 Metaspace       used 76946K, committed 79104K, reserved 552960K
  class space    used 10655K, committed 11840K, reserved 421888K
}
Event: 420.266 GC heap after
{Heap after GC invocations=26 (full 0):
 garbage-first heap   total 372736K, used 86623K [0x0000000080000000, 0x0000000100000000)
  region size 1024K, 1 young (1024K), 1 survivors (1024K)
 Metaspace       used 76946K, committed 79104K, reserved 552960K
  class space    used 10655K, committed 11840K, reserved 421888K
}

