# JRE version: Java(TM) SE Runtime Environment (19.0.2+7) (build 19.0.2+7-44)
# Java VM: Java HotSpot(TM) 64-Bit Server VM (19.0.2+7-44, mixed mode, sharing, tiered, compressed oops, compressed class ptrs, g1 gc, windows-amd64)
GC Precious Log:
 CardTable entry size: 512
 Card Set container configuration: InlinePtr #cards 5 size 8 Array Of Cards #cards 12 size 40 Howl #buckets 4 coarsen threshold 1843 Howl Bitmap #cards 512 size 80 coarsen threshold 460 Card regions per heap region 1 cards per card region 2048
 CPUs: 12 total, 12 available
 Memory: 7502M
 Large Page Support: Disabled
 NUMA Support: Disabled
 Compressed Oops: Enabled (32-bit)
 Heap Region Size: 1M
 Heap Min Capacity: 8M
 Heap Initial Capacity: 118M
 Heap Max Capacity: 2G
 Pre-touch: Disabled
 Parallel Workers: 10
 Concurrent Workers: 3
 Concurrent Refinement Workers: 10
 Periodic GC: Disabled
Heap:
 garbage-first heap   total 140288K, used 84603K [0x0000000080000000, 0x0000000100000000)
  region size 1024K, 3 young (3072K), 3 survivors (3072K)
 Metaspace       used 76544K, committed 78720K, reserved 552960K
  class space    used 10628K, committed 11776K, reserved 421888K
GC Heap History (20 events):
Event: 327.372 GC heap after
{Heap after GC invocations=24 (full 0):
 garbage-first heap   total 118784K, used 64565K [0x0000000080000000, 0x0000000100000000)
  region size 1024K, 5 young (5120K), 5 survivors (5120K)
 Metaspace       used 67361K, committed 69248K, reserved 487424K
  class space    used 9366K, committed 10368K, reserved 421888K
}
Event: 327.403 GC heap before
{Heap before GC invocations=24 (full 0):
 garbage-first heap   total 118784K, used 65589K [0x0000000080000000, 0x0000000100000000)
  region size 1024K, 6 young (6144K), 5 survivors (5120K)
 Metaspace       used 67361K, committed 69248K, reserved 487424K
  class space    used 9366K, committed 10368K, reserved 421888K
}
Event: 327.425 GC heap after
{Heap after GC invocations=25 (full 0):
 garbage-first heap   total 118784K, used 64878K [0x0000000080000000, 0x0000000100000000)
  region size 1024K, 1 young (1024K), 1 survivors (1024K)
 Metaspace       used 67361K, committed 69248K, reserved 487424K
  class space    used 9366K, committed 10368K, reserved 421888K
}
Event: 331.965 GC heap before
{Heap before GC invocations=25 (full 0):
 garbage-first heap   total 118784K, used 95598K [0x0000000080000000, 0x0000000100000000)
  region size 1024K, 32 young (32768K), 1 survivors (1024K)
 Metaspace       used 68453K, committed 70400K, reserved 487424K
  class space    used 9512K, committed 10560K, reserved 421888K
}
Event: 331.974 GC heap after
{Heap after GC invocations=26 (full 0):
 garbage-first heap   total 118784K, used 65952K [0x0000000080000000, 0x0000000100000000)
  region size 1024K, 2 young (2048K), 2 survivors (2048K)
 Metaspace       used 68453K, committed 70400K, reserved 487424K
  class space    used 9512K, committed 10560K, reserved 421888K
}
Event: 340.151 GC heap before
{Heap before GC invocations=26 (full 0):
 garbage-first heap   total 118784K, used 97696K [0x0000000080000000, 0x0000000100000000)
  region size 1024K, 33 young (33792K), 2 survivors (2048K)
 Metaspace       used 68781K, committed 70848K, reserved 487424K
  class space    used 9538K, committed 10624K, reserved 421888K
}
Event: 340.157 GC heap after
{Heap after GC invocations=27 (full 0):
 garbage-first heap   total 118784K, used 68090K [0x0000000080000000, 0x0000000100000000)
  region size 1024K, 4 young (4096K), 4 survivors (4096K)
 Metaspace       used 68781K, committed 70848K, reserved 487424K
  class space    used 9538K, committed 10624K, reserved 421888K
}
Event: 371.234 GC heap before
{Heap before GC invocations=27 (full 0):
 garbage-first heap   total 118784K, used 96762K [0x0000000080000000, 0x0000000100000000)
  region size 1024K, 33 young (33792K), 4 survivors (4096K)
 Metaspace       used 70944K, committed 72960K, reserved 487424K
  class space    used 9845K, committed 10880K, reserved 421888K
}
Event: 371.297 GC heap after
{Heap after GC invocations=28 (full 0):
 garbage-first heap   total 118784K, used 68653K [0x0000000080000000, 0x0000000100000000)
  region size 1024K, 3 young (3072K), 3 survivors (3072K)
 Metaspace       used 70944K, committed 72960K, reserved 487424K
  class space    used 9845K, committed 10880K, reserved 421888K
}
Event: 376.962 GC heap before
{Heap before GC invocations=29 (full 0):
 garbage-first heap   total 121856K, used 98349K [0x0000000080000000, 0x0000000100000000)
  region size 1024K, 32 young (32768K), 3 survivors (3072K)
 Metaspace       used 73743K, committed 75776K, reserved 487424K
  class space    used 10295K, committed 11328K, reserved 421888K
}
Event: 376.979 GC heap after
{Heap after GC invocations=30 (full 0):
 garbage-first heap   total 121856K, used 71258K [0x0000000080000000, 0x0000000100000000)
  region size 1024K, 4 young (4096K), 4 survivors (4096K)
 Metaspace       used 73743K, committed 75776K, reserved 487424K
  class space    used 10295K, committed 11328K, reserved 421888K
}
Event: 377.114 GC heap before
{Heap before GC invocations=30 (full 0):
 garbage-first heap   total 121856K, used 72282K [0x0000000080000000, 0x0000000100000000)
  region size 1024K, 5 young (5120K), 4 survivors (4096K)
 Metaspace       used 73881K, committed 75904K, reserved 487424K
  class space    used 10320K, committed 11392K, reserved 421888K
}
Event: 377.145 GC heap after
{Heap after GC invocations=31 (full 0):
 garbage-first heap   total 121856K, used 71062K [0x0000000080000000, 0x0000000100000000)
  region size 1024K, 1 young (1024K), 1 survivors (1024K)
 Metaspace       used 73881K, committed 75904K, reserved 487424K
  class space    used 10320K, committed 11392K, reserved 421888K
}
Event: 379.659 GC heap before
{Heap before GC invocations=31 (full 0):
 garbage-first heap   total 121856K, used 99734K [0x0000000080000000, 0x0000000100000000)
  region size 1024K, 30 young (30720K), 1 survivors (1024K)
 Metaspace       used 74714K, committed 76800K, reserved 552960K
  class space    used 10436K, committed 11520K, reserved 421888K
}
Event: 379.672 GC heap after
{Heap after GC invocations=32 (full 0):
 garbage-first heap   total 121856K, used 77671K [0x0000000080000000, 0x0000000100000000)
  region size 1024K, 4 young (4096K), 4 survivors (4096K)
 Metaspace       used 74714K, committed 76800K, reserved 552960K
  class space    used 10436K, committed 11520K, reserved 421888K
}
Event: 380.728 GC heap before
{Heap before GC invocations=32 (full 0):
 garbage-first heap   total 121856K, used 100199K [0x0000000080000000, 0x0000000100000000)
  region size 1024K, 26 young (26624K), 4 survivors (4096K)
 Metaspace       used 75675K, committed 77824K, reserved 552960K
  class space    used 10557K, committed 11712K, reserved 421888K
}
Event: 380.756 GC heap after
{Heap after GC invocations=33 (full 0):
 garbage-first heap   total 121856K, used 82047K [0x0000000080000000, 0x0000000100000000)
  region size 1024K, 4 young (4096K), 4 survivors (4096K)
 Metaspace       used 75675K, committed 77824K, reserved 552960K
  class space    used 10557K, committed 11712K, reserved 421888K
}
Event: 381.665 GC heap before
{Heap before GC invocations=33 (full 0):
 garbage-first heap   total 121856K, used 99455K [0x0000000080000000, 0x0000000100000000)
  region size 1024K, 21 young (21504K), 4 survivors (4096K)
 Metaspace       used 76126K, committed 78272K, reserved 552960K
  class space    used 10618K, committed 11776K, reserved 421888K
}
Event: 381.678 GC heap after
{Heap after GC invocations=34 (full 0):
 garbage-first heap   total 121856K, used 83109K [0x0000000080000000, 0x0000000100000000)
  region size 1024K, 3 young (3072K), 3 survivors (3072K)
 Metaspace       used 76126K, committed 78272K, reserved 552960K
  class space    used 10618K, committed 11776K, reserved 421888K
}
Event: 413.830 GC heap before
{Heap before GC invocations=35 (full 0):
 garbage-first heap   total 140288K, used 97445K [0x0000000080000000, 0x0000000100000000)
  region size 1024K, 18 young (18432K), 3 survivors (3072K)
 Metaspace       used 76544K, committed 78720K, reserved 552960K
  class space    used 10628K, committed 11776K, reserved 421888K
}

